<?xml version="1.0" encoding="UTF-8"?>
<testng-results ignored="0" total="2" passed="2" failed="0" skipped="0">
  <reporter-output>
  </reporter-output>
  <suite started-at="2025-01-15T09:48:32 IST" name="Default suite" finished-at="2025-01-15T09:49:15 IST" duration-ms="43210">
    <groups>
    </groups>
    <test started-at="2025-01-15T09:48:32 IST" name="Default test" finished-at="2025-01-15T09:49:15 IST" duration-ms="43210">
      <class name="org.validation.Wyo">
        <test-method is-config="true" signature="logging()[pri:0, instance:org.validation.Wyo@654d8173]" started-at="2025-01-15T09:48:31 IST" name="logging" finished-at="2025-01-15T09:48:32 IST" duration-ms="1030" status="PASS">
          <reporter-output>
          </reporter-output>
        </test-method> <!-- logging -->
        <test-method is-config="true" signature="startUp()[pri:0, instance:org.validation.Wyo@654d8173]" started-at="2025-01-15T09:48:32 IST" name="startUp" finished-at="2025-01-15T09:48:57 IST" duration-ms="25428" status="PASS">
          <reporter-output>
          </reporter-output>
        </test-method> <!-- startUp -->
        <test-method signature="homePage()[pri:1, instance:org.validation.Wyo@654d8173]" started-at="2025-01-15T09:48:57 IST" name="homePage" finished-at="2025-01-15T09:49:07 IST" duration-ms="9959" status="PASS">
          <reporter-output>
          </reporter-output>
        </test-method> <!-- homePage -->
        <test-method is-config="true" signature="aftermethod(org.testng.ITestResult)[pri:0, instance:org.validation.Wyo@654d8173]" started-at="2025-01-15T09:49:07 IST" name="aftermethod" finished-at="2025-01-15T09:49:07 IST" duration-ms="3" status="PASS">
          <params>
            <param index="0">
              <value>
                <![CDATA[[TestResult name=homePage status=SUCCESS method=Wyo.homePage()[pri:1, instance:org.validation.Wyo@654d8173] output={null}]]]>
              </value>
            </param>
          </params>
          <reporter-output>
          </reporter-output>
        </test-method> <!-- aftermethod -->
        <test-method signature="registerPage()[pri:2, instance:org.validation.Wyo@654d8173]" started-at="2025-01-15T09:49:07 IST" name="registerPage" finished-at="2025-01-15T09:49:15 IST" duration-ms="7761" status="PASS">
          <reporter-output>
          </reporter-output>
        </test-method> <!-- registerPage -->
        <test-method is-config="true" signature="aftermethod(org.testng.ITestResult)[pri:0, instance:org.validation.Wyo@654d8173]" started-at="2025-01-15T09:49:15 IST" name="aftermethod" finished-at="2025-01-15T09:49:15 IST" duration-ms="1" status="PASS">
          <params>
            <param index="0">
              <value>
                <![CDATA[[TestResult name=registerPage status=SUCCESS method=Wyo.registerPage()[pri:2, instance:org.validation.Wyo@654d8173] output={null}]]]>
              </value>
            </param>
          </params>
          <reporter-output>
          </reporter-output>
        </test-method> <!-- aftermethod -->
      </class> <!-- org.validation.Wyo -->
    </test> <!-- Default test -->
  </suite> <!-- Default suite -->
</testng-results>
